<?xml version="1.0" encoding="UTF-8"?>
<!-- Generated by org.testng.reporters.JUnitReportReporter -->
<testsuite skipped="0" hostname="DESKTOP-97HQ61N" name="testScripts.TestLogin" tests="7" failures="0" timestamp="19 Aug 2018 19:22:28 GMT" time="246.844" errors="0">
  <testcase name="testValidCredentials" time="30.272" classname="testScripts.TestLogin"/>
  <testcase name="testInvalidUn" time="25.795" classname="testScripts.TestLogin"/>
  <testcase name="testInvalidPw" time="70.789" classname="testScripts.TestLogin"/>
  <testcase name="testInvalidUnAndPw" time="24.213" classname="testScripts.TestLogin"/>
  <testcase name="testEmptyUn" time="32.164" classname="testScripts.TestLogin"/>
  <testcase name="testEmptyPw" time="35.715" classname="testScripts.TestLogin"/>
  <testcase name="testEmptyUnAndPw" time="27.896" classname="testScripts.TestLogin"/>
</testsuite> <!-- testScripts.TestLogin -->
