<?xml version="1.0" encoding="UTF-8"?>
<!-- Generated by org.testng.reporters.JUnitReportReporter -->
<testsuite skipped="0" hostname="DESKTOP-97HQ61N" name="testScripts.Test1" tests="1" failures="0" timestamp="20 Aug 2018 17:44:26 GMT" time="110.738" errors="0">
  <testcase name="testHlydys" time="110.738" classname="testScripts.Test1"/>
</testsuite> <!-- testScripts.Test1 -->
